
+---+
|.#.|
|..#|
|###|
+---+
--

+---+         +----+        +----+
|.#.|         |###.|        |###.|
|..#|         |####|        |####|
|###|         |#.##|        |#.##|
+---+         |..#.|        |..#.|
->            +----+        +----+
                            1 11

--

+--+          +---+         +--+          +---+             +------+
|##|          |##.|         |#.|          |...|             |##....|
|##|          |#.#|         |##|          |.#.|             |#.#.#.|
+--+          |###|         +--+          |..#|             |###..#|
->            +---+         ->            +---+             |#.....|
                                                            |#...#.|
                                                            |.....#|
+--+          +---+         +--+          +---+             +------+
|#.|          |#..|         |##|          |...|             2 13
|..|          |#..|         |#.|          |.#.|
+--+          |...|         +--+          |..#|
->            +---+         ->            +---+



--

+--+    +---+       +--+    +---+       +--+    +---+       +---------+
|##|    |...|       |..|    |#..|       |..|    |#..|       |...#..#..|
|#.|    |.#.|       |#.|    |#..|       |#.|    |#..|       |.#.#..#..|
+--+    |..#|       +--+    |...|       +--+    |...|       |..#......|
->      +---+       ->      +---+       ->      +---+       |...#..#..|
                                                            |.#.#..#..|
                                                            |..#......|
                                                            |#....####|
+--+    +---+       +--+    +---+       +--+    +---+       |#..#..##.|
|##|    |...|       |#.|    |#..|       |.#|    |#..|       |....#..#.|
|#.|    |.#.|       |..|    |#..|       |..|    |#..|       +---------+
+--+    |..#|       +--+    |...|       +--+    |...|       3 23
->      +---+       ->      +---+       ->      +---+



+--+    +---+       +--+    +---+       +--+    +---+
|#.|    |#..|       |..|    |..#|       |#.|    |###|
|..|    |#..|       |..|    |#..|       |.#|    |##.|
+--+    |...|       +--+    |.#.|       +--+    |.#.|
->      +---+       ->      +---+       ->      +---+





--

+---+   +----+      +---+   +----+      +---+   +----+          +------------+
|...|   |###.|      |#..|   |###.|      |#..|   |###.|          |###.###.###.|
|.#.|   |.###|      |#..|   |.##.|      |#..|   |.##.|          |.###.##..##.|
|..#|   |.#.#|      |...|   |...#|      |...|   |...#|          |.#.#...#...#|
+---+   |..#.|      +---+   |..##|      +---+   |..##|          |..#...##..##|
->      +----+      ->      +----+      ->      +----+          |###.###.###.|
                                                                |.###.##..##.|
                                                                |.#.#...#...#|
                                                                |..#...##..##|
+---+   +----+      +---+   +----+      +---+   +----+          |###.#.###..#|
|...|   |###.|      |#..|   |###.|      |#..|   |###.|          |.##....#.#..|
|.#.|   |.###|      |#..|   |.##.|      |#..|   |.##.|          |...#..#.####|
|..#|   |.#.#|      |...|   |...#|      |...|   |...#|          |..######...#|
+---+   |..#.|      +---+   |..##|      +---+   |..##|          +------------+
->      +----+      ->      +----+      ->      +----+          4 75


+---+   +----+      +---+   +----+      +---+   +----+
|#..|   |###.|      |..#|   |#.##|      |###|   |#..#|
|#..|   |.##.|      |#..|   |...#|      |##.|   |.#..|
|...|   |...#|      |.#.|   |..#.|      |.#.|   |####|
+---+   |..##|      +---+   |####|      +---+   |...#|
->      +----+      ->      +----+      ->      +----+





--

+--+
|##|
|.#|
+--+
->

+---+
|...|
|.#.|
|..#|
+---+
--

+--+
|#.|
|##|
+--+
->

+---+
|...|
|.#.|
|..#|
+---+
--

+--+
|##|
|.#|
+--+
->

+---+
|...|
|.#.|
|..#|
+---+
--

+--+
|#.|
|#.|
+--+
->

+---+
|###|
|##.|
|.#.|
+---+
--

+--+
|##|
|.#|
+--+
->

+---+
|...|
|.#.|
|..#|
+---+
--

+--+
|#.|
|#.|
+--+
->

+---+
|###|
|##.|
|.#.|
+---+
--

+--+
|.#|
|..|
+--+
->

+---+
|#..|
|#..|
|...|
+---+
--

+--+
|.#|
|#.|
+--+
->

+---+
|###|
|##.|
|.#.|
+---+
--

+--+
|..|
|..|
+--+
->

+---+
|..#|
|#..|
|.#.|
+---+
--

+--+
|.#|
|##|
+--+
->

+---+
|...|
|.#.|
|..#|
+---+
--

+--+
|..|
|..|
+--+
->

+---+
|..#|
|#..|
|.#.|
+---+
--

+--+
|.#|
|##|
+--+
->

+---+
|...|
|.#.|
|..#|
+---+
--

+--+
|##|
|.#|
+--+
->

+---+
|...|
|.#.|
|..#|
+---+
--

+--+
|#.|
|##|
+--+
->

+---+
|...|
|.#.|
|..#|
+---+
--

+--+
|##|
|.#|
+--+
->

+---+
|...|
|.#.|
|..#|
+---+
--

+--+
|#.|
|#.|
+--+
->

+---+
|###|
|##.|
|.#.|
+---+
--

+--+
|##|
|.#|
+--+
->

+---+
|...|
|.#.|
|..#|
+---+
--

+--+
|#.|
|#.|
+--+
->

+---+
|###|
|##.|
|.#.|
+---+
--

+--+
|.#|
|..|
+--+
->

+---+
|#..|
|#..|
|...|
+---+
--

+--+
|.#|
|#.|
+--+
->

+---+
|###|
|##.|
|.#.|
+---+
--

+--+
|..|
|..|
+--+
->

+---+
|..#|
|#..|
|.#.|
+---+
--

+--+
|.#|
|##|
+--+
->

+---+
|...|
|.#.|
|..#|
+---+
--

+--+
|..|
|..|
+--+
->

+---+
|..#|
|#..|
|.#.|
+---+
--

+--+
|.#|
|##|
+--+
->

+---+
|...|
|.#.|
|..#|
+---+
--

+--+
|##|
|.#|
+--+
->

+---+
|...|
|.#.|
|..#|
+---+
--

+--+
|#.|
|#.|
+--+
->

+---+
|###|
|##.|
|.#.|
+---+
--

+--+
|#.|
|..|
+--+
->

+---+
|#..|
|#..|
|...|
+---+
--

+--+
|##|
|.#|
+--+
->

+---+
|...|
|.#.|
|..#|
+---+
--

+--+
|#.|
|.#|
+--+
->

+---+
|###|
|##.|
|.#.|
+---+
--

+--+
|.#|
|..|
+--+
->

+---+
|#..|
|#..|
|...|
+---+
--

+--+
|..|
|..|
+--+
->

+---+
|..#|
|#..|
|.#.|
+---+
--

+--+
|.#|
|##|
+--+
->

+---+
|...|
|.#.|
|..#|
+---+
--

+--+
|..|
|##|
+--+
->

+---+
|###|
|#.#|
|#..|
+---+
--

+--+
|#.|
|##|
+--+
->

+---+
|...|
|.#.|
|..#|
+---+
--

+--+
|##|
|..|
+--+
->

+---+
|###|
|#.#|
|#..|
+---+
--

+--+
|##|
|.#|
+--+
->

+---+
|...|
|.#.|
|..#|
+---+

+------------------+
|.........###...###|
|.#..#..#.##..#.##.|
|..#..#..#.#...#.#.|
|#..###..#.....#...|
|#..##.#...#.#...#.|
|....#..#...#.#...#|
|.........###...###|
|.#..#..#.##..#.##.|
|..#..#..#.#...#.#.|
|#..###..#.....#...|
|#..##.#...#.#...#.|
|....#..#...#.#...#|
|...####.....####..|
|.#.##.#...#.##.#..|
|..#.#......#.#....|
|..#...###...###...|
|#...#.#.#.#.#.#.#.|
|.#...##....##....#|
+------------------+
5 117
--

+--+    +---+
|..|    |#..|
|.#|    |#..|
+--+    |...|
->      +---+


--

+--+    +---+
|..|    |..#|
|..|    |#..|
+--+    |.#.|
->      +---+


--

+--+    +---+
|..|    |#..|
|#.|    |#..|
+--+    |...|
->      +---+


--

+--+    +---+
|..|    |#..|
|.#|    |#..|
+--+    |...|
->      +---+


--

+--+    +---+
|.#|    |###|
|.#|    |#.#|
+--+    |#..|
->      +---+


--

+--+    +---+
|##|    |...|
|#.|    |.#.|
+--+    |..#|
->      +---+


--

+--+    +---+
|..|    |#..|
|.#|    |#..|
+--+    |...|
->      +---+


--

+--+    +---+
|.#|    |###|
|.#|    |#.#|
+--+    |#..|
->      +---+


--

+--+    +---+
|##|    |...|
|#.|    |.#.|
+--+    |..#|
->      +---+


--

+--+    +---+
|..|    |#..|
|#.|    |#..|
+--+    |...|
->      +---+


--

+--+    +---+
|#.|    |###|
|.#|    |##.|
+--+    |.#.|
->      +---+


--

+--+    +---+
|.#|    |...|
|##|    |.#.|
+--+    |..#|
->      +---+


--

+--+    +---+
|..|    |..#|
|..|    |#..|
+--+    |.#.|
->      +---+


--

+--+    +---+
|#.|    |###|
|#.|    |##.|
+--+    |.#.|
->      +---+


--

+--+    +---+
|#.|    |#..|
|..|    |#..|
+--+    |...|
->      +---+


--

+--+    +---+
|..|    |..#|
|..|    |#..|
+--+    |.#.|
->      +---+


--

+--+    +---+
|#.|    |###|
|#.|    |##.|
+--+    |.#.|
->      +---+


--

+--+    +---+
|#.|    |#..|
|..|    |#..|
+--+    |...|
->      +---+


--

+--+    +---+
|#.|    |#..|
|..|    |#..|
+--+    |...|
->      +---+


--

+--+    +---+
|.#|    |#..|
|..|    |#..|
+--+    |...|
->      +---+


--

+--+    +---+
|#.|    |###|
|#.|    |##.|
+--+    |.#.|
->      +---+


--

+--+    +---+
|#.|    |###|
|.#|    |##.|
+--+    |.#.|
->      +---+


--

+--+    +---+
|..|    |..#|
|..|    |#..|
+--+    |.#.|
->      +---+


--

+--+    +---+
|#.|    |###|
|.#|    |##.|
+--+    |.#.|
->      +---+


--

+--+    +---+
|#.|    |###|
|.#|    |##.|
+--+    |.#.|
->      +---+


--

+--+    +---+
|..|    |..#|
|..|    |#..|
+--+    |.#.|
->      +---+


--

+--+    +---+
|#.|    |###|
|.#|    |##.|
+--+    |.#.|
->      +---+


--

+--+    +---+
|..|    |#..|
|.#|    |#..|
+--+    |...|
->      +---+


--

+--+    +---+
|..|    |..#|
|..|    |#..|
+--+    |.#.|
->      +---+


--

+--+    +---+
|..|    |#..|
|#.|    |#..|
+--+    |...|
->      +---+


--

+--+    +---+
|..|    |#..|
|.#|    |#..|
+--+    |...|
->      +---+


--

+--+    +---+
|.#|    |###|
|.#|    |#.#|
+--+    |#..|
->      +---+


--

+--+    +---+
|##|    |...|
|#.|    |.#.|
+--+    |..#|
->      +---+


--

+--+    +---+
|..|    |#..|
|.#|    |#..|
+--+    |...|
->      +---+


--

+--+    +---+
|.#|    |###|
|.#|    |#.#|
+--+    |#..|
->      +---+


--

+--+    +---+
|##|    |...|
|#.|    |.#.|
+--+    |..#|
->      +---+


--

+--+    +---+
|..|    |#..|
|#.|    |#..|
+--+    |...|
->      +---+


--

+--+    +---+
|#.|    |###|
|.#|    |##.|
+--+    |.#.|
->      +---+


--

+--+    +---+
|.#|    |...|
|##|    |.#.|
+--+    |..#|
->      +---+


--

+--+    +---+
|..|    |..#|
|..|    |#..|
+--+    |.#.|
->      +---+


--

+--+    +---+
|#.|    |###|
|#.|    |##.|
+--+    |.#.|
->      +---+


--

+--+    +---+
|#.|    |#..|
|..|    |#..|
+--+    |...|
->      +---+


--

+--+    +---+
|..|    |..#|
|..|    |#..|
+--+    |.#.|
->      +---+


--

+--+    +---+
|#.|    |###|
|#.|    |##.|
+--+    |.#.|
->      +---+


--

+--+    +---+
|#.|    |#..|
|..|    |#..|
+--+    |...|
->      +---+


--

+--+    +---+
|#.|    |#..|
|..|    |#..|
+--+    |...|
->      +---+


--

+--+    +---+
|.#|    |#..|
|..|    |#..|
+--+    |...|
->      +---+


--

+--+    +---+
|#.|    |###|
|#.|    |##.|
+--+    |.#.|
->      +---+


--

+--+    +---+
|#.|    |###|
|.#|    |##.|
+--+    |.#.|
->      +---+


--

+--+    +---+
|..|    |..#|
|..|    |#..|
+--+    |.#.|
->      +---+


--

+--+    +---+
|#.|    |###|
|.#|    |##.|
+--+    |.#.|
->      +---+


--

+--+    +---+
|#.|    |###|
|.#|    |##.|
+--+    |.#.|
->      +---+


--

+--+    +---+
|..|    |..#|
|..|    |#..|
+--+    |.#.|
->      +---+


--

+--+    +---+
|#.|    |###|
|.#|    |##.|
+--+    |.#.|
->      +---+


--

+--+    +---+
|..|    |#..|
|.#|    |#..|
+--+    |...|
->      +---+


--

+--+    +---+
|.#|    |###|
|.#|    |#.#|
+--+    |#..|
->      +---+


--

+--+    +---+
|##|    |...|
|#.|    |.#.|
+--+    |..#|
->      +---+


--

+--+    +---+
|#.|    |###|
|#.|    |##.|
+--+    |.#.|
->      +---+


--

+--+    +---+
|..|    |..#|
|..|    |#..|
+--+    |.#.|
->      +---+


--

+--+    +---+
|..|    |#..|
|#.|    |#..|
+--+    |...|
->      +---+


--

+--+    +---+
|##|    |##.|
|##|    |#.#|
+--+    |###|
->      +---+


--

+--+    +---+
|##|    |...|
|.#|    |.#.|
+--+    |..#|
->      +---+


--

+--+
|..|
|..|
+--+
->

+---+
|..#|
|#..|
|.#.|
+---+
--

+--+
|..|
|..|
+--+
->

+---+
|..#|
|#..|
|.#.|
+---+
--

+--+
|#.|
|#.|
+--+
->

+---+
|###|
|##.|
|.#.|
+---+
--

+--+
|#.|
|..|
+--+
->

+---+
|#..|
|#..|
|...|
+---+
--

+--+
|..|
|##|
+--+
->

+---+
|###|
|#.#|
|#..|
+---+
--

+--+
|..|
|#.|
+--+
->

+---+
|#..|
|#..|
|...|
+---+
--

+--+
|.#|
|..|
+--+
->

+---+
|#..|
|#..|
|...|
+---+
--

+--+
|.#|
|##|
+--+
->

+---+
|...|
|.#.|
|..#|
+---+
--

+--+
|..|
|#.|
+--+
->

+---+
|#..|
|#..|
|...|
+---+
--

+--+
|..|
|..|
+--+
->

+---+
|..#|
|#..|
|.#.|
+---+
--

+--+
|#.|
|.#|
+--+
->

+---+
|###|
|##.|
|.#.|
+---+
--

+--+
|..|
|..|
+--+
->

+---+
|..#|
|#..|
|.#.|
+---+
--

+--+
|#.|
|.#|
+--+
->

+---+
|###|
|##.|
|.#.|
+---+
--

+--+
|#.|
|#.|
+--+
->

+---+
|###|
|##.|
|.#.|
+---+
--

+--+
|#.|
|..|
+--+
->

+---+
|#..|
|#..|
|...|
+---+
--

+--+
|#.|
|.#|
+--+
->

+---+
|###|
|##.|
|.#.|
+---+
--

+--+
|#.|
|#.|
+--+
->

+---+
|###|
|##.|
|.#.|
+---+
--

+--+
|#.|
|..|
+--+
->

+---+
|#..|
|#..|
|...|
+---+
--

+--+
|#.|
|.#|
+--+
->

+---+
|###|
|##.|
|.#.|
+---+

+---------------------------+
|#....##..#..###...#..###...|
|#..#..#..#..#.#.#.#..#.#.#.|
|....#.......#....#...#....#|
|#..###.....#####....#####..|
|#..##..#.#..##.#..#..##.#..|
|....#...#.#..#.....#..#....|
|#..#..######..#######..####|
|#..#..##.##.#..##.##.#..##.|
|.......#..#..#..#..#..#..#.|
|#....##..#..###...#..###...|
|#..#..#..#..#.#.#.#..#.#.#.|
|....#.......#....#...#....#|
|#..###.....#####....#####..|
|#..##..#.#..##.#..#..##.#..|
|....#...#.#..#.....#..#....|
|#..#..######..#######..####|
|#..#..##.##.#..##.##.#..##.|
|.......#..#..#..#..#..#..#.|
|#..###...###..##..##......#|
|#..#.#.#.##.#..#..#.#.#.#..|
|...#....#.#..#....###..#.#.|
|..#####..####..#.....#....#|
|#..##.#..#.##..#...#.#..#..|
|.#..#....#..........#....#.|
|###..########..#######..###|
|##.#..##.##.#..##.##.#..##.|
|.#..#..#..#.....#..#.....#.|
+---------------------------+
6 302
